Performing C SOURCE FILE Test CMAKE_HAVE_LIBC_PTHREAD failed with the following output:
Change Dir: /home/ofr/srsRAN/build/CMakeFiles/CMakeTmp

Run Build Command(s):/usr/bin/make -f Makefile cmTC_11673/fast && /usr/bin/make  -f CMakeFiles/cmTC_11673.dir/build.make CMakeFiles/cmTC_11673.dir/build
make[1]: Entering directory '/home/ofr/srsRAN/build/CMakeFiles/CMakeTmp'
Building C object CMakeFiles/cmTC_11673.dir/src.c.o
/usr/bin/cc -DCMAKE_HAVE_LIBC_PTHREAD   -o CMakeFiles/cmTC_11673.dir/src.c.o -c /home/ofr/srsRAN/build/CMakeFiles/CMakeTmp/src.c
Linking C executable cmTC_11673
/snap/cmake/1005/bin/cmake -E cmake_link_script CMakeFiles/cmTC_11673.dir/link.txt --verbose=1
/usr/bin/cc -rdynamic CMakeFiles/cmTC_11673.dir/src.c.o -o cmTC_11673 
/usr/bin/ld: CMakeFiles/cmTC_11673.dir/src.c.o: in function `main':
src.c:(.text+0x46): undefined reference to `pthread_create'
/usr/bin/ld: src.c:(.text+0x52): undefined reference to `pthread_detach'
/usr/bin/ld: src.c:(.text+0x5e): undefined reference to `pthread_cancel'
/usr/bin/ld: src.c:(.text+0x6f): undefined reference to `pthread_join'
collect2: error: ld returned 1 exit status
make[1]: *** [CMakeFiles/cmTC_11673.dir/build.make:99: cmTC_11673] Error 1
make[1]: Leaving directory '/home/ofr/srsRAN/build/CMakeFiles/CMakeTmp'
make: *** [Makefile:127: cmTC_11673/fast] Error 2


Source file was:
#include <pthread.h>

static void* test_func(void* data)
{
  return data;
}

int main(void)
{
  pthread_t thread;
  pthread_create(&thread, NULL, test_func, NULL);
  pthread_detach(thread);
  pthread_cancel(thread);
  pthread_join(thread, NULL);
  pthread_atfork(NULL, NULL, NULL);
  pthread_exit(NULL);

  return 0;
}

Determining if the function pthread_create exists in the pthreads failed with the following output:
Change Dir: /home/ofr/srsRAN/build/CMakeFiles/CMakeTmp

Run Build Command(s):/usr/bin/make -f Makefile cmTC_406e9/fast && /usr/bin/make  -f CMakeFiles/cmTC_406e9.dir/build.make CMakeFiles/cmTC_406e9.dir/build
make[1]: Entering directory '/home/ofr/srsRAN/build/CMakeFiles/CMakeTmp'
Building C object CMakeFiles/cmTC_406e9.dir/CheckFunctionExists.c.o
/usr/bin/cc   -DCHECK_FUNCTION_EXISTS=pthread_create -o CMakeFiles/cmTC_406e9.dir/CheckFunctionExists.c.o -c /snap/cmake/1005/share/cmake-3.22/Modules/CheckFunctionExists.c
Linking C executable cmTC_406e9
/snap/cmake/1005/bin/cmake -E cmake_link_script CMakeFiles/cmTC_406e9.dir/link.txt --verbose=1
/usr/bin/cc  -DCHECK_FUNCTION_EXISTS=pthread_create -rdynamic CMakeFiles/cmTC_406e9.dir/CheckFunctionExists.c.o -o cmTC_406e9  -lpthreads 
/usr/bin/ld: cannot find -lpthreads
collect2: error: ld returned 1 exit status
make[1]: *** [CMakeFiles/cmTC_406e9.dir/build.make:99: cmTC_406e9] Error 1
make[1]: Leaving directory '/home/ofr/srsRAN/build/CMakeFiles/CMakeTmp'
make: *** [Makefile:127: cmTC_406e9/fast] Error 2



Performing C SOURCE FILE Test HAVE_AVX512 failed with the following output:
Change Dir: /home/ofr/srsRAN/build/CMakeFiles/CMakeTmp

Run Build Command(s):/usr/bin/make -f Makefile cmTC_92c0e/fast && /usr/bin/make  -f CMakeFiles/cmTC_92c0e.dir/build.make CMakeFiles/cmTC_92c0e.dir/build
make[1]: Entering directory '/home/ofr/srsRAN/build/CMakeFiles/CMakeTmp'
Building C object CMakeFiles/cmTC_92c0e.dir/src.c.o
/usr/bin/cc   -Wno-unused-but-set-variable -DHAVE_AVX512 -mavx512f -mavx512cd -mavx512bw -mavx512dq -DLV_HAVE_AVX512 -o CMakeFiles/cmTC_92c0e.dir/src.c.o -c /home/ofr/srsRAN/build/CMakeFiles/CMakeTmp/src.c
Linking C executable cmTC_92c0e
/snap/cmake/1005/bin/cmake -E cmake_link_script CMakeFiles/cmTC_92c0e.dir/link.txt --verbose=1
/usr/bin/cc  -Wno-unused-but-set-variable -DHAVE_AVX512 -mavx512f -mavx512cd -mavx512bw -mavx512dq -DLV_HAVE_AVX512 -rdynamic CMakeFiles/cmTC_92c0e.dir/src.c.o -o cmTC_92c0e 
make[1]: Leaving directory '/home/ofr/srsRAN/build/CMakeFiles/CMakeTmp'


Return value: FAILED_TO_RUN
Source file was:

          #include <immintrin.h>
          int main()
          {
            __m512i a, b, c;
            const int src[16] = { 0x0, 0x1, 0x2, 0x3, 0x4, 0x5, 0x6, 0x7, 0x8 , 0x9, 0xA, 0xB, 0xC, 0xD, 0xE, 0xF};
            int dst[16];
            a =  _mm512_loadu_si512( (__m512i*)src );
            b =  _mm512_loadu_si512( (__m512i*)src );
            c = _mm512_add_epi32( a, b );
            _mm512_storeu_si512( (__m512i*)dst, c );
            int i = 0;
            for( i = 0; i < 16; i++ ){
              if( ( src[i] + src[i] ) != dst[i] ){
                return -1;
              }
            }
            return 0;
          }
